<?xml version="1.0" encoding="UTF-8"?>
<f-element id="fau_gen.2.1">
    Some text.
</f-element>
