<?xml version="1.0" encoding="UTF-8"?>
<f-element id="fau_stg.2.2">
    Some text
    <selection exclusive="YES">
        <selectionitem>item 1</selectionitem>
        <selectionitem>item 2</selectionitem>
        <selectionnotes>
            <para>
                selection notes.
            </para>
        </selectionnotes>
    </selection>
    end.
</f-element>
